<?xml version="1.0" encoding="UTF-8"?>
<beans xmlns="http://www.springframework.org/schema/beans"
       xmlns:xsi="http://www.w3.org/2001/XMLSchema-instance"
       xmlns:jdbc="http://www.springframework.org/schema/jdbc"
       xmlns:context="http://www.springframework.org/schema/context"
       xsi:schemaLocation="http://www.springframework.org/schema/beans http://www.springframework.org/schema/beans/spring-beans.xsd http://www.springframework.org/schema/jdbc http://www.springframework.org/schema/jdbc/spring-jdbc.xsd http://www.springframework.org/schema/context http://www.springframework.org/schema/context/spring-context.xsd">

    <context:property-placeholder
            location="classpath*:/META-INF/spring/*.properties" />

    <import resource="classpath:META-INF/spring/lob-using-mybatis2-domain.xml" />

    <jdbc:initialize-database data-source="dataSource">
        <jdbc:script location="database/${database}-schema.sql"/>
    </jdbc:initialize-database>

</beans>